# JRE version: OpenJDK Runtime Environment (8.0_242-b01) (build 1.8.0_242-release-1644-b01)
# Java VM: OpenJDK 64-Bit Server VM (25.242-b01 mixed mode windows-amd64 compressed oops)
Heap:
 PSYoungGen      total 388608K, used 274372K [0x00000000d5580000, 0x00000000f0100000, 0x0000000100000000)
  eden space 339456K, 77% used [0x00000000d5580000,0x00000000e5553bb8,0x00000000ea100000)
  from space 49152K, 25% used [0x00000000ea100000,0x00000000ead1d810,0x00000000ed100000)
  to   space 46080K, 0% used [0x00000000ed400000,0x00000000ed400000,0x00000000f0100000)
 ParOldGen       total 240128K, used 155265K [0x0000000080000000, 0x000000008ea80000, 0x00000000d5580000)
  object space 240128K, 64% used [0x0000000080000000,0x00000000897a07e0,0x000000008ea80000)
 Metaspace       used 112920K, capacity 118734K, committed 119744K, reserved 1153024K
  class space    used 14313K, capacity 15484K, committed 15848K, reserved 1048576K
GC Heap History (10 events):
Event: 8497.218 GC heap before
{Heap before GC invocations=62 (full 5):
 PSYoungGen      total 385536K, used 351960K [0x00000000d5580000, 0x00000000f0100000, 0x0000000100000000)
  eden space 339456K, 100% used [0x00000000d5580000,0x00000000ea100000,0x00000000ea100000)
  from space 46080K, 27% used [0x00000000ed400000,0x00000000ee0362e8,0x00000000f0100000)
  to   space 49152K, 0% used [0x00000000ea100000,0x00000000ea100000,0x00000000ed100000)
 ParOldGen       total 240128K, used 123061K [0x0000000080000000, 0x000000008ea80000, 0x00000000d5580000)
  object space 240128K, 51% used [0x0000000080000000,0x000000008782d6b0,0x000000008ea80000)
 Metaspace       used 112710K, capacity 118570K, committed 119488K, reserved 1153024K
  class space    used 14311K, capacity 15480K, committed 15848K, reserved 1048576K
Event: 8497.264 GC heap after
Heap after GC invocations=62 (full 5):
 PSYoungGen      total 388608K, used 8249K [0x00000000d5580000, 0x00000000f0100000, 0x0000000100000000)
  eden space 339456K, 0% used [0x00000000d5580000,0x00000000d5580000,0x00000000ea100000)
  from space 49152K, 16% used [0x00000000ea100000,0x00000000ea90e4f8,0x00000000ed100000)
  to   space 46080K, 0% used [0x00000000ed400000,0x00000000ed400000,0x00000000f0100000)
 ParOldGen       total 240128K, used 132172K [0x0000000080000000, 0x000000008ea80000, 0x00000000d5580000)
  object space 240128K, 55% used [0x0000000080000000,0x00000000881133f8,0x000000008ea80000)
 Metaspace       used 112710K, capacity 118570K, committed 119488K, reserved 1153024K
  class space    used 14311K, capacity 15480K, committed 15848K, reserved 1048576K
}
Event: 8499.327 GC heap before
{Heap before GC invocations=63 (full 5):
 PSYoungGen      total 388608K, used 347705K [0x00000000d5580000, 0x00000000f0100000, 0x0000000100000000)
  eden space 339456K, 100% used [0x00000000d5580000,0x00000000ea100000,0x00000000ea100000)
  from space 49152K, 16% used [0x00000000ea100000,0x00000000ea90e4f8,0x00000000ed100000)
  to   space 46080K, 0% used [0x00000000ed400000,0x00000000ed400000,0x00000000f0100000)
 ParOldGen       total 240128K, used 132172K [0x0000000080000000, 0x000000008ea80000, 0x00000000d5580000)
  object space 240128K, 55% used [0x0000000080000000,0x00000000881133f8,0x000000008ea80000)
 Metaspace       used 112728K, capacity 118586K, committed 119488K, reserved 1153024K
  class space    used 14312K, capacity 15482K, committed 15848K, reserved 1048576K
Event: 8499.372 GC heap after
Heap after GC invocations=63 (full 5):
 PSYoungGen      total 385536K, used 13828K [0x00000000d5580000, 0x00000000f0100000, 0x0000000100000000)
  eden space 339456K, 0% used [0x00000000d5580000,0x00000000d5580000,0x00000000ea100000)
  from space 46080K, 30% used [0x00000000ed400000,0x00000000ee181130,0x00000000f0100000)
  to   space 49152K, 0% used [0x00000000ea100000,0x00000000ea100000,0x00000000ed100000)
 ParOldGen       total 240128K, used 135575K [0x0000000080000000, 0x000000008ea80000, 0x00000000d5580000)
  object space 240128K, 56% used [0x0000000080000000,0x0000000088465c70,0x000000008ea80000)
 Metaspace       used 112728K, capacity 118586K, committed 119488K, reserved 1153024K
  class space    used 14312K, capacity 15482K, committed 15848K, reserved 1048576K
}
Event: 8500.848 GC heap before
{Heap before GC invocations=64 (full 5):
 PSYoungGen      total 385536K, used 353284K [0x00000000d5580000, 0x00000000f0100000, 0x0000000100000000)
  eden space 339456K, 100% used [0x00000000d5580000,0x00000000ea100000,0x00000000ea100000)
  from space 46080K, 30% used [0x00000000ed400000,0x00000000ee181130,0x00000000f0100000)
  to   space 49152K, 0% used [0x00000000ea100000,0x00000000ea100000,0x00000000ed100000)
 ParOldGen       total 240128K, used 135575K [0x0000000080000000, 0x000000008ea80000, 0x00000000d5580000)
  object space 240128K, 56% used [0x0000000080000000,0x0000000088465c70,0x000000008ea80000)
 Metaspace       used 112820K, capacity 118662K, committed 119488K, reserved 1153024K
  class space    used 14312K, capacity 15482K, committed 15848K, reserved 1048576K
Event: 8500.889 GC heap after
Heap after GC invocations=64 (full 5):
 PSYoungGen      total 388608K, used 5547K [0x00000000d5580000, 0x00000000f0100000, 0x0000000100000000)
  eden space 339456K, 0% used [0x00000000d5580000,0x00000000d5580000,0x00000000ea100000)
  from space 49152K, 11% used [0x00000000ea100000,0x00000000ea66ada8,0x00000000ed100000)
  to   space 46080K, 0% used [0x00000000ed400000,0x00000000ed400000,0x00000000f0100000)
 ParOldGen       total 240128K, used 147256K [0x0000000080000000, 0x000000008ea80000, 0x00000000d5580000)
  object space 240128K, 61% used [0x0000000080000000,0x0000000088fce080,0x000000008ea80000)
 Metaspace       used 112820K, capacity 118662K, committed 119488K, reserved 1153024K
  class space    used 14312K, capacity 15482K, committed 15848K, reserved 1048576K
}
Event: 8502.493 GC heap before
{Heap before GC invocations=65 (full 5):
 PSYoungGen      total 388608K, used 345003K [0x00000000d5580000, 0x00000000f0100000, 0x0000000100000000)
  eden space 339456K, 100% used [0x00000000d5580000,0x00000000ea100000,0x00000000ea100000)
  from space 49152K, 11% used [0x00000000ea100000,0x00000000ea66ada8,0x00000000ed100000)
  to   space 46080K, 0% used [0x00000000ed400000,0x00000000ed400000,0x00000000f0100000)
 ParOldGen       total 240128K, used 147256K [0x0000000080000000, 0x000000008ea80000, 0x00000000d5580000)
  object space 240128K, 61% used [0x0000000080000000,0x0000000088fce080,0x000000008ea80000)
 Metaspace       used 112839K, capacity 118664K, committed 119488K, reserved 1153024K
  class space    used 14312K, capacity 15483K, committed 15848K, reserved 1048576K
Event: 8502.525 GC heap after
Heap after GC invocations=65 (full 5):
 PSYoungGen      total 385536K, used 6067K [0x00000000d5580000, 0x00000000f0100000, 0x0000000100000000)
  eden space 339456K, 0% used [0x00000000d5580000,0x00000000d5580000,0x00000000ea100000)
  from space 46080K, 13% used [0x00000000ed400000,0x00000000ed9ecc18,0x00000000f0100000)
  to   space 49152K, 0% used [0x00000000ea100000,0x00000000ea100000,0x00000000ed100000)
 ParOldGen       total 240128K, used 151503K [0x0000000080000000, 0x000000008ea80000, 0x00000000d5580000)
  object space 240128K, 63% used [0x0000000080000000,0x00000000893f3c78,0x000000008ea80000)
 Metaspace       used 112839K, capacity 118664K, committed 119488K, reserved 1153024K
  class space    used 14312K, capacity 15483K, committed 15848K, reserved 1048576K
}
Event: 8504.922 GC heap before
{Heap before GC invocations=66 (full 5):
 PSYoungGen      total 385536K, used 345523K [0x00000000d5580000, 0x00000000f0100000, 0x0000000100000000)
  eden space 339456K, 100% used [0x00000000d5580000,0x00000000ea100000,0x00000000ea100000)
  from space 46080K, 13% used [0x00000000ed400000,0x00000000ed9ecc18,0x00000000f0100000)
  to   space 49152K, 0% used [0x00000000ea100000,0x00000000ea100000,0x00000000ed100000)
 ParOldGen       total 240128K, used 151503K [0x0000000080000000, 0x000000008ea80000, 0x00000000d5580000)
  object space 240128K, 63% used [0x0000000080000000,0x00000000893f3c78,0x000000008ea80000)
 Metaspace       used 112905K, capacity 118734K, committed 119744K, reserved 1153024K
  class space    used 14313K, capacity 15484K, committed 15848K, reserved 1048576K
Event: 8504.969 GC heap after
Heap after GC invocations=66 (full 5):
 PSYoungGen      total 388608K, used 12406K [0x00000000d5580000, 0x00000000f0100000, 0x0000000100000000)
  eden space 339456K, 0% used [0x00000000d5580000,0x00000000d5580000,0x00000000ea100000)
  from space 49152K, 25% used [0x00000000ea100000,0x00000000ead1d810,0x00000000ed100000)
  to   space 46080K, 0% used [0x00000000ed400000,0x00000000ed400000,0x00000000f0100000)
 ParOldGen       total 240128K, used 155265K [0x0000000080000000, 0x000000008ea80000, 0x00000000d5580000)
  object space 240128K, 64% used [0x0000000080000000,0x00000000897a07e0,0x000000008ea80000)
 Metaspace       used 112905K, capacity 118734K, committed 119744K, reserved 1153024K
  class space    used 14313K, capacity 15484K, committed 15848K, reserved 1048576K
}

